<?xml version="1.0" encoding="UTF-8"?>
<!-- Generated by org.testng.reporters.JUnitXMLReporter -->
<testsuite ignored="0" hostname="LTIN198528" failures="0" tests="3" name="Test" time="20.607" errors="0" timestamp="2024-02-28T22:23:45 IST">
  <testcase classname="test_scenarios.BasicNavigationTests" name="basicNavigationToHomePageTest" time="2.039"/>
  <testcase classname="test_scenarios.BasicNavigationTests" name="navigationFromHomePageToBookShelf" time="5.139"/>
  <testcase classname="test_scenarios.BasicNavigationTests" name="navigationFromHomePageToGiftCards" time="5.791"/>
</testsuite> <!-- Test -->
