<?xml version="1.0" encoding="UTF-8"?>
<!-- Generated by org.testng.reporters.JUnitXMLReporter -->
<testsuite ignored="0" hostname="LTIN198528" failures="4" tests="38" name="Test" time="109.993" errors="0" timestamp="2024-03-01T10:47:00 IST">
  <testcase classname="test_scenarios.BookshelvesTest" name="testPriceRange" time="4.703"/>
  <testcase classname="test_scenarios.HomePageTest" name="subMenuCount" time="7.617"/>
  <testcase classname="test_scenarios.HomePageTest" name="subMenuItemEmpty" time="0.003"/>
  <testcase classname="test_scenarios.BookshelvesTest" name="testStorageType" time="2.77"/>
  <testcase classname="test_scenarios.BookshelvesTest" name="testExcludeOutOfStock" time="2.051"/>
  <testcase classname="test_scenarios.GiftCardTests" name="negativeAmountTest" time="0.337"/>
  <testcase classname="test_scenarios.GiftCardTests" name="negativeButtonAmountTest" time="0.027"/>
  <testcase classname="test_scenarios.GiftCardTests" name="negativeDateTest" time="0.461"/>
  <testcase classname="test_scenarios.GiftCardTests" name="negativeDateTest" time="0.348"/>
  <testcase classname="test_scenarios.GiftCardTests" name="positiveAmounTest" time="0.396"/>
  <testcase classname="test_scenarios.GiftCardTests" name="positiveAmounTest" time="0.381"/>
  <testcase classname="test_scenarios.GiftCardTests" name="positiveAmounTest" time="0.415"/>
  <testcase classname="test_scenarios.GiftCardTests" name="positiveAmounTest" time="0.501"/>
  <testcase classname="test_scenarios.GiftCardTests" name="positiveButtonAmountTest" time="0.264"/>
  <testcase classname="test_scenarios.GiftCardTests" name="positiveButtonAmountTest" time="0.419"/>
  <testcase classname="test_scenarios.GiftCardTests" name="positiveButtonAmountTest" time="0.75"/>
  <testcase classname="test_scenarios.GiftCardTests" name="positiveDateTest" time="0.695"/>
  <testcase classname="test_scenarios.GiftCardTests" name="positiveDateTest" time="0.431"/>
  <testcase classname="test_scenarios.GiftCardTests" name="positiveDateTest" time="0.635"/>
  <testcase classname="test_scenarios.GiftCardTests" name="positiveDateTest" time="0.474"/>
  <testcase classname="test_scenarios.GiftCardTests" name="positiveZipCodeTest" time="2.324"/>
  <testcase classname="test_scenarios.GiftCardTests" name="positiveZipCodeTest" time="2.271"/>
  <testcase classname="test_scenarios.GiftCardTests" name="positiveZipCodeTest" time="2.333"/>
  <testcase classname="test_scenarios.GiftCardTests" name="positiveZipCodeTest" time="2.302"/>
  <testcase classname="test_scenarios.GiftCardTests" name="positiveZipCodeTest" time="2.275"/>
  <testcase classname="test_scenarios.GiftCardTests" name="negativeCustomerAndRecipientTest" time="3.204">
    <failure type="java.lang.AssertionError" message="customer should be able to order a gift card with valid details and customer should not be able to fill in a number as a name expected [false] but found [true]">
      <![CDATA[java.lang.AssertionError: customer should be able to order a gift card with valid details and customer should not be able to fill in a number as a name expected [false] but found [true]
at test_scenarios.GiftCardTests.negativeCustomerAndRecipientTest(GiftCardTests.java:383)
at java.base/java.util.concurrent.ThreadPoolExecutor.runWorker(ThreadPoolExecutor.java:1136)
at java.base/java.util.concurrent.ThreadPoolExecutor$Worker.run(ThreadPoolExecutor.java:635)
at java.base/java.lang.Thread.run(Thread.java:833)
... Removed 15 stack frames]]>
    </failure>
  </testcase> <!-- negativeCustomerAndRecipientTest -->
  <testcase classname="test_scenarios.GiftCardTests" name="negativeCustomerAndRecipientTest" time="2.958">
    <failure type="java.lang.AssertionError" message="customer should be able to order a gift card with valid details and customer should only be able to fill valid emails of type john.doe@example.com expected [false] but found [true]">
      <![CDATA[java.lang.AssertionError: customer should be able to order a gift card with valid details and customer should only be able to fill valid emails of type john.doe@example.com expected [false] but found [true]
at test_scenarios.GiftCardTests.negativeCustomerAndRecipientTest(GiftCardTests.java:383)
at java.base/java.util.concurrent.ThreadPoolExecutor.runWorker(ThreadPoolExecutor.java:1136)
at java.base/java.util.concurrent.ThreadPoolExecutor$Worker.run(ThreadPoolExecutor.java:635)
at java.base/java.lang.Thread.run(Thread.java:833)
... Removed 15 stack frames]]>
    </failure>
  </testcase> <!-- negativeCustomerAndRecipientTest -->
  <testcase classname="test_scenarios.GiftCardTests" name="negativeCustomerAndRecipientTest" time="3.011"/>
  <testcase classname="test_scenarios.GiftCardTests" name="negativeCustomerAndRecipientTest" time="3.088"/>
  <testcase classname="test_scenarios.GiftCardTests" name="negativeCustomerAndRecipientTest" time="3.323">
    <failure type="java.lang.AssertionError" message="customer should not be able to fill in a number as a name and customer should be able to order a gift card with valid details expected [false] but found [true]">
      <![CDATA[java.lang.AssertionError: customer should not be able to fill in a number as a name and customer should be able to order a gift card with valid details expected [false] but found [true]
at test_scenarios.GiftCardTests.negativeCustomerAndRecipientTest(GiftCardTests.java:383)
at java.base/java.util.concurrent.ThreadPoolExecutor.runWorker(ThreadPoolExecutor.java:1136)
at java.base/java.util.concurrent.ThreadPoolExecutor$Worker.run(ThreadPoolExecutor.java:635)
at java.base/java.lang.Thread.run(Thread.java:833)
... Removed 15 stack frames]]>
    </failure>
  </testcase> <!-- negativeCustomerAndRecipientTest -->
  <testcase classname="test_scenarios.GiftCardTests" name="negativeCustomerAndRecipientTest" time="3.315">
    <failure type="java.lang.AssertionError" message="customer should only be able to fill valid emails of type john.doe@example.com and customer should be able to order a gift card with valid details expected [false] but found [true]">
      <![CDATA[java.lang.AssertionError: customer should only be able to fill valid emails of type john.doe@example.com and customer should be able to order a gift card with valid details expected [false] but found [true]
at test_scenarios.GiftCardTests.negativeCustomerAndRecipientTest(GiftCardTests.java:383)
at java.base/java.util.concurrent.ThreadPoolExecutor.runWorker(ThreadPoolExecutor.java:1136)
at java.base/java.util.concurrent.ThreadPoolExecutor$Worker.run(ThreadPoolExecutor.java:635)
at java.base/java.lang.Thread.run(Thread.java:833)
... Removed 15 stack frames]]>
    </failure>
  </testcase> <!-- negativeCustomerAndRecipientTest -->
  <testcase classname="test_scenarios.GiftCardTests" name="negativeCustomerAndRecipientTest" time="3.032"/>
  <testcase classname="test_scenarios.GiftCardTests" name="negativeCustomerAndRecipientTest" time="3.473"/>
  <testcase classname="test_scenarios.GiftCardTests" name="negativeCustomerAndRecipientTest" time="3.273"/>
  <testcase classname="test_scenarios.GiftCardTests" name="positiveCustomerAndRecipientTest" time="3.637"/>
  <testcase classname="test_scenarios.GiftCardTests" name="positiveCustomerAndRecipientTest" time="3.221"/>
  <testcase classname="test_scenarios.GiftCardTests" name="positiveCustomerAndRecipientTest" time="3.021"/>
  <testcase classname="test_scenarios.GiftCardTests" name="positiveCustomerAndRecipientTest" time="3.595"/>
</testsuite> <!-- Test -->
