<?xml version="1.0" encoding="UTF-8"?>
<!-- Generated by org.testng.reporters.JUnitXMLReporter -->
<testsuite ignored="0" hostname="LTIN198528" failures="4" tests="38" name="Test" time="131.494" errors="0" timestamp="2024-02-28T21:46:25 IST">
  <testcase classname="test_scenarios.BookshelvesTest" name="testPriceRange" time="3.66"/>
  <testcase classname="test_scenarios.BookshelvesTest" name="testStorageType" time="2.954"/>
  <testcase classname="test_scenarios.HomePageTest" name="subMenuCount" time="10.538"/>
  <testcase classname="test_scenarios.HomePageTest" name="subMenuItemEmpty" time="0.005"/>
  <testcase classname="test_scenarios.BookshelvesTest" name="testExcludeOutOfStock" time="2.107"/>
  <testcase classname="test_scenarios.GiftCardTests" name="negativeAmountTest" time="0.527"/>
  <testcase classname="test_scenarios.GiftCardTests" name="negativeButtonAmountTest" time="0.037"/>
  <testcase classname="test_scenarios.GiftCardTests" name="negativeDateTest" time="0.961"/>
  <testcase classname="test_scenarios.GiftCardTests" name="negativeDateTest" time="0.492"/>
  <testcase classname="test_scenarios.GiftCardTests" name="positiveAmounTest" time="0.797"/>
  <testcase classname="test_scenarios.GiftCardTests" name="positiveAmounTest" time="0.511"/>
  <testcase classname="test_scenarios.GiftCardTests" name="positiveAmounTest" time="0.41"/>
  <testcase classname="test_scenarios.GiftCardTests" name="positiveAmounTest" time="0.497"/>
  <testcase classname="test_scenarios.GiftCardTests" name="positiveButtonAmountTest" time="0.311"/>
  <testcase classname="test_scenarios.GiftCardTests" name="positiveButtonAmountTest" time="0.281"/>
  <testcase classname="test_scenarios.GiftCardTests" name="positiveButtonAmountTest" time="0.273"/>
  <testcase classname="test_scenarios.GiftCardTests" name="positiveDateTest" time="0.73"/>
  <testcase classname="test_scenarios.GiftCardTests" name="positiveDateTest" time="0.687"/>
  <testcase classname="test_scenarios.GiftCardTests" name="positiveDateTest" time="0.801"/>
  <testcase classname="test_scenarios.GiftCardTests" name="positiveDateTest" time="0.651"/>
  <testcase classname="test_scenarios.GiftCardTests" name="positiveZipCodeTest" time="2.471"/>
  <testcase classname="test_scenarios.GiftCardTests" name="positiveZipCodeTest" time="2.779"/>
  <testcase classname="test_scenarios.GiftCardTests" name="positiveZipCodeTest" time="3.212"/>
  <testcase classname="test_scenarios.GiftCardTests" name="positiveZipCodeTest" time="3.181"/>
  <testcase classname="test_scenarios.GiftCardTests" name="positiveZipCodeTest" time="3.266"/>
  <testcase classname="test_scenarios.GiftCardTests" name="negativeCustomerAndRecipientTest" time="4.895">
    <failure type="java.lang.AssertionError" message="customer should be able to order a gift card with valid details and customer should not be able to fill in a number as a name expected [false] but found [true]">
      <![CDATA[java.lang.AssertionError: customer should be able to order a gift card with valid details and customer should not be able to fill in a number as a name expected [false] but found [true]
at test_scenarios.GiftCardTests.negativeCustomerAndRecipientTest(GiftCardTests.java:383)
at java.base/java.util.concurrent.ThreadPoolExecutor.runWorker(ThreadPoolExecutor.java:1136)
at java.base/java.util.concurrent.ThreadPoolExecutor$Worker.run(ThreadPoolExecutor.java:635)
at java.base/java.lang.Thread.run(Thread.java:833)
... Removed 15 stack frames]]>
    </failure>
  </testcase> <!-- negativeCustomerAndRecipientTest -->
  <testcase classname="test_scenarios.GiftCardTests" name="negativeCustomerAndRecipientTest" time="5.499">
    <failure type="java.lang.AssertionError" message="customer should be able to order a gift card with valid details and customer should only be able to fill valid emails of type john.doe@example.com expected [false] but found [true]">
      <![CDATA[java.lang.AssertionError: customer should be able to order a gift card with valid details and customer should only be able to fill valid emails of type john.doe@example.com expected [false] but found [true]
at test_scenarios.GiftCardTests.negativeCustomerAndRecipientTest(GiftCardTests.java:383)
at java.base/java.util.concurrent.ThreadPoolExecutor.runWorker(ThreadPoolExecutor.java:1136)
at java.base/java.util.concurrent.ThreadPoolExecutor$Worker.run(ThreadPoolExecutor.java:635)
at java.base/java.lang.Thread.run(Thread.java:833)
... Removed 15 stack frames]]>
    </failure>
  </testcase> <!-- negativeCustomerAndRecipientTest -->
  <testcase classname="test_scenarios.GiftCardTests" name="negativeCustomerAndRecipientTest" time="4.011"/>
  <testcase classname="test_scenarios.GiftCardTests" name="negativeCustomerAndRecipientTest" time="4.138"/>
  <testcase classname="test_scenarios.GiftCardTests" name="negativeCustomerAndRecipientTest" time="4.166">
    <failure type="java.lang.AssertionError" message="customer should not be able to fill in a number as a name and customer should be able to order a gift card with valid details expected [false] but found [true]">
      <![CDATA[java.lang.AssertionError: customer should not be able to fill in a number as a name and customer should be able to order a gift card with valid details expected [false] but found [true]
at test_scenarios.GiftCardTests.negativeCustomerAndRecipientTest(GiftCardTests.java:383)
at java.base/java.util.concurrent.ThreadPoolExecutor.runWorker(ThreadPoolExecutor.java:1136)
at java.base/java.util.concurrent.ThreadPoolExecutor$Worker.run(ThreadPoolExecutor.java:635)
at java.base/java.lang.Thread.run(Thread.java:833)
... Removed 15 stack frames]]>
    </failure>
  </testcase> <!-- negativeCustomerAndRecipientTest -->
  <testcase classname="test_scenarios.GiftCardTests" name="negativeCustomerAndRecipientTest" time="4.609">
    <failure type="java.lang.AssertionError" message="customer should only be able to fill valid emails of type john.doe@example.com and customer should be able to order a gift card with valid details expected [false] but found [true]">
      <![CDATA[java.lang.AssertionError: customer should only be able to fill valid emails of type john.doe@example.com and customer should be able to order a gift card with valid details expected [false] but found [true]
at test_scenarios.GiftCardTests.negativeCustomerAndRecipientTest(GiftCardTests.java:383)
at java.base/java.util.concurrent.ThreadPoolExecutor.runWorker(ThreadPoolExecutor.java:1136)
at java.base/java.util.concurrent.ThreadPoolExecutor$Worker.run(ThreadPoolExecutor.java:635)
at java.base/java.lang.Thread.run(Thread.java:833)
... Removed 15 stack frames]]>
    </failure>
  </testcase> <!-- negativeCustomerAndRecipientTest -->
  <testcase classname="test_scenarios.GiftCardTests" name="negativeCustomerAndRecipientTest" time="4.649"/>
  <testcase classname="test_scenarios.GiftCardTests" name="negativeCustomerAndRecipientTest" time="4.61"/>
  <testcase classname="test_scenarios.GiftCardTests" name="negativeCustomerAndRecipientTest" time="4.823"/>
  <testcase classname="test_scenarios.GiftCardTests" name="positiveCustomerAndRecipientTest" time="5.178"/>
  <testcase classname="test_scenarios.GiftCardTests" name="positiveCustomerAndRecipientTest" time="4.963"/>
  <testcase classname="test_scenarios.GiftCardTests" name="positiveCustomerAndRecipientTest" time="4.651"/>
  <testcase classname="test_scenarios.GiftCardTests" name="positiveCustomerAndRecipientTest" time="4.334"/>
</testsuite> <!-- Test -->
