<?xml version="1.0" encoding="UTF-8"?>
<testng-results ignored="0" total="3" passed="3" failed="0" skipped="0">
  <reporter-output>
  </reporter-output>
  <suite started-at="2024-02-28T22:23:24 IST" name="Smoke Suite" finished-at="2024-02-28T22:23:45 IST" duration-ms="20607">
    <groups>
    </groups>
    <test started-at="2024-02-28T22:23:24 IST" name="Test" finished-at="2024-02-28T22:23:45 IST" duration-ms="20607">
      <class name="test_scenarios.BasicNavigationTests">
        <test-method is-config="true" signature="init()[pri:0, instance:test_scenarios.BasicNavigationTests@39529185]" started-at="2024-02-28T22:23:24 IST" name="init" finished-at="2024-02-28T22:23:32 IST" duration-ms="7497" status="PASS">
          <reporter-output>
          </reporter-output>
        </test-method> <!-- init -->
        <test-method signature="basicNavigationToHomePageTest(java.lang.String)[pri:0, instance:test_scenarios.BasicNavigationTests@39529185]" started-at="2024-02-28T22:23:32 IST" name="basicNavigationToHomePageTest" finished-at="2024-02-28T22:23:34 IST" duration-ms="2039" status="PASS">
          <params>
            <param index="0">
              <value>
                <![CDATA[Buy Furniture Online and Get up to 50% Off | Shop Now - Urban Ladder]]>
              </value>
            </param>
          </params>
          <reporter-output>
          </reporter-output>
        </test-method> <!-- basicNavigationToHomePageTest -->
        <test-method signature="navigationFromHomePageToBookShelf(java.lang.String)[pri:1, instance:test_scenarios.BasicNavigationTests@39529185]" started-at="2024-02-28T22:23:34 IST" name="navigationFromHomePageToBookShelf" finished-at="2024-02-28T22:23:39 IST" duration-ms="5139" status="PASS">
          <params>
            <param index="0">
              <value>
                <![CDATA[Buy Bookshelves Online and Get up to 50% Off | Shop Now - Urban Ladder]]>
              </value>
            </param>
          </params>
          <reporter-output>
          </reporter-output>
        </test-method> <!-- navigationFromHomePageToBookShelf -->
        <test-method signature="navigationFromHomePageToGiftCards(java.lang.String)[pri:2, instance:test_scenarios.BasicNavigationTests@39529185]" started-at="2024-02-28T22:23:39 IST" name="navigationFromHomePageToGiftCards" finished-at="2024-02-28T22:23:45 IST" duration-ms="5791" status="PASS">
          <params>
            <param index="0">
              <value>
                <![CDATA[Gift Card - Buy Gift Cards & Vouchers Online for Wedding, Birthday | Urban Ladder]]>
              </value>
            </param>
          </params>
          <reporter-output>
          </reporter-output>
        </test-method> <!-- navigationFromHomePageToGiftCards -->
        <test-method is-config="true" signature="destroy()[pri:0, instance:test_scenarios.BasicNavigationTests@39529185]" started-at="2024-02-28T22:23:45 IST" name="destroy" finished-at="2024-02-28T22:23:45 IST" duration-ms="1" status="PASS">
          <reporter-output>
          </reporter-output>
        </test-method> <!-- destroy -->
      </class> <!-- test_scenarios.BasicNavigationTests -->
    </test> <!-- Test -->
  </suite> <!-- Smoke Suite -->
</testng-results>
