<?xml version="1.0" encoding="UTF-8"?>
<!-- Generated by org.testng.reporters.JUnitXMLReporter -->
<testsuite ignored="0" hostname="LTIN198528" failures="0" tests="9" name="GRP-customise_form_test" time="19.504" errors="0" timestamp="2024-02-23T18:34:58 IST">
  <testcase classname="test_scenarios.GiftCardTests" name="negativeAmountTest" time="0.489"/>
  <testcase classname="test_scenarios.GiftCardTests" name="negativeButtonAmountTest" time="0.037"/>
  <testcase classname="test_scenarios.GiftCardTests" name="positiveAmounTest" time="0.438"/>
  <testcase classname="test_scenarios.GiftCardTests" name="positiveAmounTest" time="0.469"/>
  <testcase classname="test_scenarios.GiftCardTests" name="positiveAmounTest" time="0.437"/>
  <testcase classname="test_scenarios.GiftCardTests" name="positiveAmounTest" time="0.395"/>
  <testcase classname="test_scenarios.GiftCardTests" name="positiveButtonAmountTest" time="0.215"/>
  <testcase classname="test_scenarios.GiftCardTests" name="positiveButtonAmountTest" time="0.257"/>
  <testcase classname="test_scenarios.GiftCardTests" name="positiveButtonAmountTest" time="0.238"/>
</testsuite> <!-- GRP-customise_form_test -->
