<?xml version="1.0" encoding="UTF-8"?>
<!-- Generated by org.testng.reporters.JUnitXMLReporter -->
<testsuite ignored="2" hostname="LTIN198528" failures="0" tests="1" name="Default test" time="21.249" errors="0" timestamp="2024-02-29T10:49:49 IST">
  <testcase classname="test_scenarios.BookshelvesTest" name="testPriceRange" time="2.877"/>
  <testcase classname="test_scenarios.BookshelvesTest" name="testStorageType" time="0.0">
    <ignored/>
  </testcase> <!-- testStorageType -->
  <testcase classname="test_scenarios.BookshelvesTest" name="testExcludeOutOfStock" time="0.0">
    <ignored/>
  </testcase> <!-- testExcludeOutOfStock -->
</testsuite> <!-- Default test -->
